\BOOKMARK [1][-]{section.1}{Introduction}{}% 1
\BOOKMARK [1][-]{section.2}{BIP \204 Behavior Interaction Priority}{}% 2
\BOOKMARK [1][-]{section.3}{Characterizing Deadlock-freedom}{}% 3
\BOOKMARK [2][-]{subsection.3.1}{Wait-for graphs}{section.3}% 4
\BOOKMARK [2][-]{subsection.3.2}{Supercycles and deadlock-freedom}{section.3}% 5
\BOOKMARK [2][-]{subsection.3.3}{Structural properties of supercycles}{section.3}% 6
\BOOKMARK [1][-]{section.4}{Supercycle Formation and its Consequences}{}% 7
\BOOKMARK [2][-]{subsection.4.1}{Supercycle Membership}{section.4}% 8
\BOOKMARK [2][-]{subsection.4.2}{The supercycle formation condition}{section.4}% 9
\BOOKMARK [2][-]{subsection.4.3}{General supercycle violation condition}{section.4}% 10
\BOOKMARK [2][-]{subsection.4.4}{Abstract supercycle freedom conditions}{section.4}% 11
\BOOKMARK [2][-]{subsection.4.5}{Overview of the four supercycle-freedom preserving restrictions}{section.4}% 12
\BOOKMARK [1][-]{section.5}{Global Conditions for Deadlock Freedom}{}% 13
\BOOKMARK [2][-]{subsection.5.1}{A Global AND-OR Condition for Deadlock Freedom}{section.5}% 14
\BOOKMARK [2][-]{subsection.5.2}{A Global Linear Condition for Deadlock Freedom}{section.5}% 15
\BOOKMARK [2][-]{subsection.5.3}{Deadlock freedom using global restrictions}{section.5}% 16
\BOOKMARK [1][-]{section.6}{Local Conditions for Deadlock Freedom}{}% 17
\BOOKMARK [2][-]{subsection.6.1}{Projection onto Subsystems}{section.6}% 18
\BOOKMARK [2][-]{subsection.6.2}{A Local AND-OR Condition for Deadlock Freedom}{section.6}% 19
\BOOKMARK [3][-]{subsubsection.6.2.1}{Local supercycle violation condition}{subsection.6.2}% 20
\BOOKMARK [3][-]{subsubsection.6.2.2}{Local strong connectedness condition}{subsection.6.2}% 21
\BOOKMARK [3][-]{subsubsection.6.2.3}{General local violation condition}{subsection.6.2}% 22
\BOOKMARK [3][-]{subsubsection.6.2.4}{Local AND-OR Condition}{subsection.6.2}% 23
\BOOKMARK [2][-]{subsection.6.3}{A Local Linear Condition for Deadlock Freedom}{section.6}% 24
\BOOKMARK [2][-]{subsection.6.4}{Deadlock freedom using local and global restrictions}{section.6}% 25
\BOOKMARK [1][-]{section.7}{Implementation and Experiments}{}% 26
\BOOKMARK [2][-]{subsection.7.1}{Checking that initial states are supercycle-free}{section.7}% 27
\BOOKMARK [2][-]{subsection.7.2}{Implementation of the Linear Condition}{section.7}% 28
\BOOKMARK [2][-]{subsection.7.3}{Implementation of the AND-OR Condition}{section.7}% 29
\BOOKMARK [2][-]{subsection.7.4}{Tool-set}{section.7}% 30
\BOOKMARK [2][-]{subsection.7.5}{Experimentation}{section.7}% 31
\BOOKMARK [3][-]{subsubsection.7.5.1}{Dining Philosophers Case Study}{subsection.7.5}% 32
\BOOKMARK [3][-]{subsubsection.7.5.2}{Resource Allocation System Case Studies}{subsection.7.5}% 33
\BOOKMARK [1][-]{section.8}{Discussion, Related Work, and Further Work}{}% 34
\BOOKMARK [2][-]{subsection.8.1}{Related work.}{section.8}% 35
\BOOKMARK [2][-]{subsection.8.2}{Discussion}{section.8}% 36
\BOOKMARK [2][-]{subsection.8.3}{Further work.}{section.8}% 37
